2024-09-13 14:58:37.897 INFO  [main] top.zxk.springboot.logging.Application : Starting Application using Java 17.0.1 with PID 2652 (D:\code\spring-boot-practice\spring-boot-logging\target\classes started by Administrator in D:\code\spring-boot-practice)
2024-09-13 14:58:37.904 INFO  [main] top.zxk.springboot.logging.Application : No active profile set, falling back to 1 default profile: "default"
2024-09-13 14:58:38.561 INFO  [main] org.springframework.boot.web.embedded.tomcat.TomcatWebServer : Tomcat initialized with port 8080 (http)
2024-09-13 14:58:38.570 INFO  [main] org.apache.coyote.http11.Http11NioProtocol : Initializing ProtocolHandler ["http-nio-8080"]
2024-09-13 14:58:38.573 INFO  [main] org.apache.catalina.core.StandardService : Starting service [Tomcat]
2024-09-13 14:58:38.573 INFO  [main] org.apache.catalina.core.StandardEngine : Starting Servlet engine: [Apache Tomcat/10.1.28]
2024-09-13 14:58:38.619 INFO  [main] org.apache.catalina.core.ContainerBase.[Tomcat].[localhost].[/] : Initializing Spring embedded WebApplicationContext
2024-09-13 14:58:38.619 INFO  [main] org.springframework.boot.web.servlet.context.ServletWebServerApplicationContext : Root WebApplicationContext: initialization completed in 681 ms
2024-09-13 14:58:38.859 INFO  [main] org.apache.coyote.http11.Http11NioProtocol : Starting ProtocolHandler ["http-nio-8080"]
2024-09-13 14:58:38.872 INFO  [main] org.springframework.boot.web.embedded.tomcat.TomcatWebServer : Tomcat started on port 8080 (http) with context path '/'
2024-09-13 14:58:38.877 INFO  [main] top.zxk.springboot.logging.Application : Started Application in 1.486 seconds (process running for 2.743)
2024-09-13 15:00:26.397 INFO  [main] top.zxk.springboot.logging.Application : Starting Application using Java 17.0.1 with PID 16860 (D:\code\spring-boot-practice\spring-boot-logging\target\classes started by Administrator in D:\code\spring-boot-practice)
2024-09-13 15:00:26.399 INFO  [main] top.zxk.springboot.logging.Application : No active profile set, falling back to 1 default profile: "default"
2024-09-13 15:00:26.935 INFO  [main] org.springframework.boot.web.embedded.tomcat.TomcatWebServer : Tomcat initialized with port 8080 (http)
2024-09-13 15:00:26.942 INFO  [main] org.apache.coyote.http11.Http11NioProtocol : Initializing ProtocolHandler ["http-nio-8080"]
2024-09-13 15:00:26.944 INFO  [main] org.apache.catalina.core.StandardService : Starting service [Tomcat]
2024-09-13 15:00:26.944 INFO  [main] org.apache.catalina.core.StandardEngine : Starting Servlet engine: [Apache Tomcat/10.1.28]
2024-09-13 15:00:26.975 INFO  [main] org.apache.catalina.core.ContainerBase.[Tomcat].[localhost].[/] : Initializing Spring embedded WebApplicationContext
2024-09-13 15:00:26.975 INFO  [main] org.springframework.boot.web.servlet.context.ServletWebServerApplicationContext : Root WebApplicationContext: initialization completed in 548 ms
2024-09-13 15:00:27.177 INFO  [main] org.apache.coyote.http11.Http11NioProtocol : Starting ProtocolHandler ["http-nio-8080"]
2024-09-13 15:00:27.195 INFO  [main] org.springframework.boot.web.embedded.tomcat.TomcatWebServer : Tomcat started on port 8080 (http) with context path '/'
2024-09-13 15:00:27.202 INFO  [main] top.zxk.springboot.logging.Application : Started Application in 1.181 seconds (process running for 1.719)
2024-09-13 15:18:50.137 INFO  [main] top.zxk.springboot.logging.Application : Starting Application using Java 17.0.1 with PID 18952 (D:\code\spring-boot-practice\spring-boot-logging\target\classes started by Administrator in D:\code\spring-boot-practice)
2024-09-13 15:18:50.138 INFO  [main] top.zxk.springboot.logging.Application : No active profile set, falling back to 1 default profile: "default"
2024-09-13 15:18:50.610 INFO  [main] org.springframework.boot.web.embedded.tomcat.TomcatWebServer : Tomcat initialized with port 8080 (http)
2024-09-13 15:18:50.616 INFO  [main] org.apache.coyote.http11.Http11NioProtocol : Initializing ProtocolHandler ["http-nio-8080"]
2024-09-13 15:18:50.618 INFO  [main] org.apache.catalina.core.StandardService : Starting service [Tomcat]
2024-09-13 15:18:50.619 INFO  [main] org.apache.catalina.core.StandardEngine : Starting Servlet engine: [Apache Tomcat/10.1.28]
2024-09-13 15:18:50.648 INFO  [main] org.apache.catalina.core.ContainerBase.[Tomcat].[localhost].[/] : Initializing Spring embedded WebApplicationContext
2024-09-13 15:18:50.648 INFO  [main] org.springframework.boot.web.servlet.context.ServletWebServerApplicationContext : Root WebApplicationContext: initialization completed in 486 ms
2024-09-13 15:18:50.813 INFO  [main] org.apache.coyote.http11.Http11NioProtocol : Starting ProtocolHandler ["http-nio-8080"]
2024-09-13 15:18:50.817 WARN  [main] org.springframework.boot.web.servlet.context.AnnotationConfigServletWebServerApplicationContext : Exception encountered during context initialization - cancelling refresh attempt: org.springframework.context.ApplicationContextException: Failed to start bean 'webServerStartStop'
2024-09-13 15:18:50.826 INFO  [main] org.springframework.boot.autoconfigure.logging.ConditionEvaluationReportLogger : 

Error starting ApplicationContext. To display the condition evaluation report re-run your application with 'debug' enabled.
2024-09-13 15:18:50.836 ERROR [main] org.springframework.boot.diagnostics.LoggingFailureAnalysisReporter : 

***************************
APPLICATION FAILED TO START
***************************

Description:

Web server failed to start. Port 8080 was already in use.

Action:

Identify and stop the process that's listening on port 8080 or configure this application to listen on another port.

2024-09-13 15:19:28.200 INFO  [main] top.zxk.springboot.logging.Application : Starting Application using Java 17.0.1 with PID 2204 (D:\code\spring-boot-practice\spring-boot-logging\target\classes started by Administrator in D:\code\spring-boot-practice)
2024-09-13 15:19:28.201 INFO  [main] top.zxk.springboot.logging.Application : No active profile set, falling back to 1 default profile: "default"
2024-09-13 15:19:28.676 INFO  [main] org.springframework.boot.web.embedded.tomcat.TomcatWebServer : Tomcat initialized with port 8080 (http)
2024-09-13 15:19:28.682 INFO  [main] org.apache.coyote.http11.Http11NioProtocol : Initializing ProtocolHandler ["http-nio-8080"]
2024-09-13 15:19:28.685 INFO  [main] org.apache.catalina.core.StandardService : Starting service [Tomcat]
2024-09-13 15:19:28.685 INFO  [main] org.apache.catalina.core.StandardEngine : Starting Servlet engine: [Apache Tomcat/10.1.28]
2024-09-13 15:19:28.713 INFO  [main] org.apache.catalina.core.ContainerBase.[Tomcat].[localhost].[/] : Initializing Spring embedded WebApplicationContext
2024-09-13 15:19:28.713 INFO  [main] org.springframework.boot.web.servlet.context.ServletWebServerApplicationContext : Root WebApplicationContext: initialization completed in 490 ms
2024-09-13 15:19:28.876 INFO  [main] org.apache.coyote.http11.Http11NioProtocol : Starting ProtocolHandler ["http-nio-8080"]
2024-09-13 15:19:28.887 INFO  [main] org.springframework.boot.web.embedded.tomcat.TomcatWebServer : Tomcat started on port 8080 (http) with context path '/'
2024-09-13 15:19:28.893 INFO  [main] top.zxk.springboot.logging.Application : Started Application in 1.021 seconds (process running for 1.324)
