2024-09-09 19:23:21.089 INFO  [main] top.zxk.springboot.logging.Application : Starting Application using Java 17.0.1 with PID 22020 (D:\code\spring-boot-practice\spring-boot-logging\target\classes started by Administrator in D:\code\spring-boot-practice)
2024-09-09 19:23:21.091 INFO  [main] top.zxk.springboot.logging.Application : No active profile set, falling back to 1 default profile: "default"
2024-09-09 19:23:21.652 INFO  [main] org.springframework.boot.web.embedded.tomcat.TomcatWebServer : Tomcat initialized with port 8080 (http)
2024-09-09 19:23:21.658 INFO  [main] org.apache.coyote.http11.Http11NioProtocol : Initializing ProtocolHandler ["http-nio-8080"]
2024-09-09 19:23:21.661 INFO  [main] org.apache.catalina.core.StandardService : Starting service [Tomcat]
2024-09-09 19:23:21.661 INFO  [main] org.apache.catalina.core.StandardEngine : Starting Servlet engine: [Apache Tomcat/10.1.28]
2024-09-09 19:23:21.691 INFO  [main] org.apache.catalina.core.ContainerBase.[Tomcat].[localhost].[/] : Initializing Spring embedded WebApplicationContext
2024-09-09 19:23:21.692 INFO  [main] org.springframework.boot.web.servlet.context.ServletWebServerApplicationContext : Root WebApplicationContext: initialization completed in 568 ms
2024-09-09 19:23:21.866 INFO  [main] org.apache.coyote.http11.Http11NioProtocol : Starting ProtocolHandler ["http-nio-8080"]
2024-09-09 19:23:21.879 INFO  [main] org.springframework.boot.web.embedded.tomcat.TomcatWebServer : Tomcat started on port 8080 (http) with context path '/'
2024-09-09 19:23:21.886 INFO  [main] top.zxk.springboot.logging.Application : Started Application in 1.24 seconds (process running for 1.621)
2024-09-09 19:23:31.172 INFO  [main] top.zxk.springboot.logging.Application : Starting Application using Java 17.0.1 with PID 21820 (D:\code\spring-boot-practice\spring-boot-logging\target\classes started by Administrator in D:\code\spring-boot-practice)
2024-09-09 19:23:31.174 INFO  [main] top.zxk.springboot.logging.Application : No active profile set, falling back to 1 default profile: "default"
2024-09-09 19:23:31.730 INFO  [main] org.springframework.boot.web.embedded.tomcat.TomcatWebServer : Tomcat initialized with port 8080 (http)
2024-09-09 19:23:31.736 INFO  [main] org.apache.coyote.http11.Http11NioProtocol : Initializing ProtocolHandler ["http-nio-8080"]
2024-09-09 19:23:31.738 INFO  [main] org.apache.catalina.core.StandardService : Starting service [Tomcat]
2024-09-09 19:23:31.738 INFO  [main] org.apache.catalina.core.StandardEngine : Starting Servlet engine: [Apache Tomcat/10.1.28]
2024-09-09 19:23:31.768 INFO  [main] org.apache.catalina.core.ContainerBase.[Tomcat].[localhost].[/] : Initializing Spring embedded WebApplicationContext
2024-09-09 19:23:31.769 INFO  [main] org.springframework.boot.web.servlet.context.ServletWebServerApplicationContext : Root WebApplicationContext: initialization completed in 566 ms
2024-09-09 19:23:31.982 INFO  [main] org.apache.coyote.http11.Http11NioProtocol : Starting ProtocolHandler ["http-nio-8080"]
2024-09-09 19:23:31.994 INFO  [main] org.springframework.boot.web.embedded.tomcat.TomcatWebServer : Tomcat started on port 8080 (http) with context path '/'
2024-09-09 19:23:32.001 INFO  [main] top.zxk.springboot.logging.Application : Started Application in 2.202 seconds (process running for 2.669)
2024-09-09 19:23:42.069 INFO  [http-nio-8080-exec-1] org.apache.catalina.core.ContainerBase.[Tomcat].[localhost].[/] : Initializing Spring DispatcherServlet 'dispatcherServlet'
2024-09-09 19:23:42.070 INFO  [http-nio-8080-exec-1] org.springframework.web.servlet.DispatcherServlet : Initializing Servlet 'dispatcherServlet'
2024-09-09 19:23:42.070 INFO  [http-nio-8080-exec-1] org.springframework.web.servlet.DispatcherServlet : Completed initialization in 0 ms
2024-09-09 19:23:42.096 INFO  [http-nio-8080-exec-1] top.zxk.springboot.logging.controller.LogController : This is an info log.
2024-09-09 19:23:42.097 WARN  [http-nio-8080-exec-1] top.zxk.springboot.logging.controller.LogController : This is a warning log.
2024-09-09 19:23:42.097 ERROR [http-nio-8080-exec-1] top.zxk.springboot.logging.controller.LogController : This is an error log.
